2021-05-29 09:26:25,532 DEBUG :org.jboss.resteasy.plugins.providers.FileProvider [<clinit>] Logging Provider: org.jboss.logging.Log4jLoggerProvider 
2021-05-29 09:26:25,586 DEBUG :org.jboss.resteasy.plugins.providers.DocumentProvider [<init>] Provider : org.jboss.resteasy.plugins.providers.DocumentProvider,  Method : DocumentProvider 
2021-05-29 09:26:25,601 DEBUG :org.jboss.resteasy.plugins.providers.DocumentProvider [<init>] Provider : org.jboss.resteasy.plugins.providers.DocumentProvider,  Method : DocumentProvider 
2021-05-29 09:26:25,668 DEBUG :org.jboss.resteasy.plugins.providers.DocumentProvider [<init>] Provider : org.jboss.resteasy.plugins.providers.DocumentProvider,  Method : DocumentProvider 
2021-05-29 09:26:25,671 DEBUG :org.jboss.resteasy.plugins.providers.DocumentProvider [<init>] Provider : org.jboss.resteasy.plugins.providers.DocumentProvider,  Method : DocumentProvider 
2021-05-29 09:26:25,693 DEBUG :com.backend.model.User [<init>] New User Created madhu@gmail.com 
2021-05-29 09:26:25,693 DEBUG :com.backend.model.User [<init>] New User Created madhu1@gmail.com 
2021-05-29 09:26:25,693 DEBUG :com.backend.model.User [<init>] New User Created madhu2@gmail.com 
2021-05-29 09:26:25,694 DEBUG :com.backend.model.User [<init>] New User Created ADMIN_USER 
2021-05-29 09:26:25,712 INFO :org.jboss.resteasy.spi.ResteasyDeployment [processApplication] RESTEASY002225: Deploying javax.ws.rs.core.Application: class com.backend.application.ExpenseManagementApplication 
2021-05-29 09:26:25,715 INFO :org.jboss.resteasy.spi.ResteasyDeployment [processApplication] RESTEASY002220: Adding singleton resource com.backend.service.ManagerService from Application class com.backend.application.ExpenseManagementApplication 
2021-05-29 09:26:25,715 INFO :org.jboss.resteasy.spi.ResteasyDeployment [processApplication] RESTEASY002220: Adding singleton resource com.backend.service.LoginService from Application class com.backend.application.ExpenseManagementApplication 
2021-05-29 09:27:25,298 DEBUG :org.jboss.resteasy.core.SynchronousDispatcher [getInvoker] RESTEASY002315: PathInfo: /loginService/login/ 
2021-05-29 09:27:25,365 DEBUG :org.jboss.resteasy.core.SynchronousDispatcher [getInvoker] RESTEASY002315: PathInfo: /manager/ADMIN_USER 
2021-05-29 09:27:25,695 DEBUG :com.backend.service.ManagerService [getUser] sending user object : ADMIN_USER 
2021-05-29 09:27:25,850 DEBUG :org.jboss.resteasy.spi.ResteasyProviderFactory [resolveMessageBodyWriter] MessageBodyWriter: org.jboss.resteasy.spi.ResteasyProviderFactory$SortedKey 
2021-05-29 09:27:25,851 DEBUG :org.jboss.resteasy.spi.ResteasyProviderFactory [getMessageBodyWriter] MessageBodyWriter: org.jboss.resteasy.plugins.providers.StringTextStar 
2021-05-29 09:27:25,852 DEBUG :org.jboss.resteasy.core.ServerResponseWriter [lambda$writeNomapResponse$2] MessageBodyWriter: org.jboss.resteasy.plugins.providers.StringTextStar 
2021-05-29 09:27:25,854 DEBUG :org.jboss.resteasy.core.interception.AbstractWriterInterceptorContext [proceed] Interceptor Context: org.jboss.resteasy.core.interception.ServerWriterInterceptorContext,  Method : proceed 
2021-05-29 09:27:25,854 DEBUG :org.jboss.resteasy.spi.ResteasyProviderFactory [resolveMessageBodyWriter] MessageBodyWriter: org.jboss.resteasy.spi.ResteasyProviderFactory$SortedKey 
2021-05-29 09:27:25,855 DEBUG :org.jboss.resteasy.core.interception.AbstractWriterInterceptorContext [proceed] MessageBodyWriter: org.jboss.resteasy.plugins.providers.StringTextStar 
2021-05-29 09:27:47,051 DEBUG :org.jboss.resteasy.core.SynchronousDispatcher [getInvoker] RESTEASY002315: PathInfo: /loginService/login/ 
2021-05-29 09:27:47,070 DEBUG :org.jboss.resteasy.core.SynchronousDispatcher [getInvoker] RESTEASY002315: PathInfo: /manager/madhu@gmail.com 
2021-05-29 09:27:47,071 DEBUG :com.backend.service.ManagerService [getUser] sending user object : madhu@gmail.com 
2021-05-29 09:27:47,123 DEBUG :org.jboss.resteasy.spi.ResteasyProviderFactory [resolveMessageBodyWriter] MessageBodyWriter: org.jboss.resteasy.spi.ResteasyProviderFactory$SortedKey 
2021-05-29 09:27:47,123 DEBUG :org.jboss.resteasy.spi.ResteasyProviderFactory [getMessageBodyWriter] MessageBodyWriter: org.jboss.resteasy.plugins.providers.StringTextStar 
2021-05-29 09:27:47,124 DEBUG :org.jboss.resteasy.core.ServerResponseWriter [lambda$writeNomapResponse$2] MessageBodyWriter: org.jboss.resteasy.plugins.providers.StringTextStar 
2021-05-29 09:27:47,124 DEBUG :org.jboss.resteasy.core.interception.AbstractWriterInterceptorContext [proceed] Interceptor Context: org.jboss.resteasy.core.interception.ServerWriterInterceptorContext,  Method : proceed 
2021-05-29 09:27:47,125 DEBUG :org.jboss.resteasy.spi.ResteasyProviderFactory [resolveMessageBodyWriter] MessageBodyWriter: org.jboss.resteasy.spi.ResteasyProviderFactory$SortedKey 
2021-05-29 09:27:47,125 DEBUG :org.jboss.resteasy.core.interception.AbstractWriterInterceptorContext [proceed] MessageBodyWriter: org.jboss.resteasy.plugins.providers.StringTextStar 
2021-05-29 09:37:30,573 DEBUG :org.jboss.resteasy.core.SynchronousDispatcher [getInvoker] RESTEASY002315: PathInfo: /manager/ADMIN_USER/net-month/5/2021/ 
2021-05-29 09:37:30,575 DEBUG :com.backend.service.ManagerService [getAllMonths] Sending Month Statistics to user : ADMIN_USER Month 5 Year 2021 
2021-05-29 09:37:30,577 DEBUG :org.jboss.resteasy.spi.ResteasyProviderFactory [resolveMessageBodyWriter] MessageBodyWriter: org.jboss.resteasy.spi.ResteasyProviderFactory$SortedKey 
2021-05-29 09:37:30,577 DEBUG :org.jboss.resteasy.spi.ResteasyProviderFactory [getMessageBodyWriter] MessageBodyWriter: org.jboss.resteasy.plugins.providers.StringTextStar 
2021-05-29 09:37:30,578 DEBUG :org.jboss.resteasy.core.ServerResponseWriter [lambda$writeNomapResponse$2] MessageBodyWriter: org.jboss.resteasy.plugins.providers.StringTextStar 
2021-05-29 09:37:30,578 DEBUG :org.jboss.resteasy.core.interception.AbstractWriterInterceptorContext [proceed] Interceptor Context: org.jboss.resteasy.core.interception.ServerWriterInterceptorContext,  Method : proceed 
2021-05-29 09:37:30,578 DEBUG :org.jboss.resteasy.spi.ResteasyProviderFactory [resolveMessageBodyWriter] MessageBodyWriter: org.jboss.resteasy.spi.ResteasyProviderFactory$SortedKey 
2021-05-29 09:37:30,579 DEBUG :org.jboss.resteasy.core.interception.AbstractWriterInterceptorContext [proceed] MessageBodyWriter: org.jboss.resteasy.plugins.providers.StringTextStar 
2021-05-29 09:37:36,474 DEBUG :org.jboss.resteasy.core.SynchronousDispatcher [getInvoker] RESTEASY002315: PathInfo: /manager/madhu@gmail.com/net-month/5/2021/ 
2021-05-29 09:37:36,475 DEBUG :com.backend.service.ManagerService [getAllMonths] Sending Month Statistics to user : madhu@gmail.com Month 5 Year 2021 
2021-05-29 09:37:36,477 DEBUG :org.jboss.resteasy.spi.ResteasyProviderFactory [resolveMessageBodyWriter] MessageBodyWriter: org.jboss.resteasy.spi.ResteasyProviderFactory$SortedKey 
2021-05-29 09:37:36,477 DEBUG :org.jboss.resteasy.spi.ResteasyProviderFactory [getMessageBodyWriter] MessageBodyWriter: org.jboss.resteasy.plugins.providers.StringTextStar 
2021-05-29 09:37:36,478 DEBUG :org.jboss.resteasy.core.ServerResponseWriter [lambda$writeNomapResponse$2] MessageBodyWriter: org.jboss.resteasy.plugins.providers.StringTextStar 
2021-05-29 09:37:36,478 DEBUG :org.jboss.resteasy.core.interception.AbstractWriterInterceptorContext [proceed] Interceptor Context: org.jboss.resteasy.core.interception.ServerWriterInterceptorContext,  Method : proceed 
2021-05-29 09:37:36,478 DEBUG :org.jboss.resteasy.spi.ResteasyProviderFactory [resolveMessageBodyWriter] MessageBodyWriter: org.jboss.resteasy.spi.ResteasyProviderFactory$SortedKey 
2021-05-29 09:37:36,479 DEBUG :org.jboss.resteasy.core.interception.AbstractWriterInterceptorContext [proceed] MessageBodyWriter: org.jboss.resteasy.plugins.providers.StringTextStar 
2021-05-29 09:54:14,724 DEBUG :org.jboss.resteasy.core.SynchronousDispatcher [getInvoker] RESTEASY002315: PathInfo: /manager/madhu@gmail.com/net-month/5/2021/ 
2021-05-29 09:54:14,726 DEBUG :com.backend.service.ManagerService [getAllMonths] Sending Month Statistics to user : madhu@gmail.com Month 5 Year 2021 
2021-05-29 09:54:14,728 DEBUG :org.jboss.resteasy.spi.ResteasyProviderFactory [resolveMessageBodyWriter] MessageBodyWriter: org.jboss.resteasy.spi.ResteasyProviderFactory$SortedKey 
2021-05-29 09:54:14,729 DEBUG :org.jboss.resteasy.spi.ResteasyProviderFactory [getMessageBodyWriter] MessageBodyWriter: org.jboss.resteasy.plugins.providers.StringTextStar 
2021-05-29 09:54:14,729 DEBUG :org.jboss.resteasy.core.ServerResponseWriter [lambda$writeNomapResponse$2] MessageBodyWriter: org.jboss.resteasy.plugins.providers.StringTextStar 
2021-05-29 09:54:14,730 DEBUG :org.jboss.resteasy.core.interception.AbstractWriterInterceptorContext [proceed] Interceptor Context: org.jboss.resteasy.core.interception.ServerWriterInterceptorContext,  Method : proceed 
2021-05-29 09:54:14,730 DEBUG :org.jboss.resteasy.spi.ResteasyProviderFactory [resolveMessageBodyWriter] MessageBodyWriter: org.jboss.resteasy.spi.ResteasyProviderFactory$SortedKey 
2021-05-29 09:54:14,730 DEBUG :org.jboss.resteasy.core.interception.AbstractWriterInterceptorContext [proceed] MessageBodyWriter: org.jboss.resteasy.plugins.providers.StringTextStar 
2021-05-29 09:54:23,286 DEBUG :org.jboss.resteasy.core.SynchronousDispatcher [getInvoker] RESTEASY002315: PathInfo: /manager/madhu@gmail.com/net-month/5/2021/ 
2021-05-29 09:54:23,287 DEBUG :com.backend.service.ManagerService [getAllMonths] Sending Month Statistics to user : madhu@gmail.com Month 5 Year 2021 
2021-05-29 09:54:23,288 DEBUG :org.jboss.resteasy.spi.ResteasyProviderFactory [resolveMessageBodyWriter] MessageBodyWriter: org.jboss.resteasy.spi.ResteasyProviderFactory$SortedKey 
2021-05-29 09:54:23,289 DEBUG :org.jboss.resteasy.spi.ResteasyProviderFactory [getMessageBodyWriter] MessageBodyWriter: org.jboss.resteasy.plugins.providers.StringTextStar 
2021-05-29 09:54:23,289 DEBUG :org.jboss.resteasy.core.ServerResponseWriter [lambda$writeNomapResponse$2] MessageBodyWriter: org.jboss.resteasy.plugins.providers.StringTextStar 
2021-05-29 09:54:23,289 DEBUG :org.jboss.resteasy.core.interception.AbstractWriterInterceptorContext [proceed] Interceptor Context: org.jboss.resteasy.core.interception.ServerWriterInterceptorContext,  Method : proceed 
2021-05-29 09:54:23,290 DEBUG :org.jboss.resteasy.spi.ResteasyProviderFactory [resolveMessageBodyWriter] MessageBodyWriter: org.jboss.resteasy.spi.ResteasyProviderFactory$SortedKey 
2021-05-29 09:54:23,290 DEBUG :org.jboss.resteasy.core.interception.AbstractWriterInterceptorContext [proceed] MessageBodyWriter: org.jboss.resteasy.plugins.providers.StringTextStar 
2021-05-29 09:54:39,428 DEBUG :org.jboss.resteasy.core.SynchronousDispatcher [getInvoker] RESTEASY002315: PathInfo: /manager/madhu@gmail.com/create-transaction 
2021-05-29 09:54:39,430 DEBUG :com.backend.service.ManagerService [createTransaction] Transaction Created to User : madhu@gmail.com 
2021-05-29 09:54:39,434 DEBUG :org.jboss.resteasy.spi.ResteasyProviderFactory [resolveMessageBodyWriter] MessageBodyWriter: org.jboss.resteasy.spi.ResteasyProviderFactory$SortedKey 
2021-05-29 09:54:39,435 DEBUG :org.jboss.resteasy.spi.ResteasyProviderFactory [getMessageBodyWriter] MessageBodyWriter: org.jboss.resteasy.plugins.providers.StringTextStar 
2021-05-29 09:54:39,435 DEBUG :org.jboss.resteasy.core.ServerResponseWriter [lambda$writeNomapResponse$2] MessageBodyWriter: org.jboss.resteasy.plugins.providers.StringTextStar 
2021-05-29 09:54:39,436 DEBUG :org.jboss.resteasy.core.interception.AbstractWriterInterceptorContext [proceed] Interceptor Context: org.jboss.resteasy.core.interception.ServerWriterInterceptorContext,  Method : proceed 
2021-05-29 09:54:39,437 DEBUG :org.jboss.resteasy.spi.ResteasyProviderFactory [resolveMessageBodyWriter] MessageBodyWriter: org.jboss.resteasy.spi.ResteasyProviderFactory$SortedKey 
2021-05-29 09:54:39,438 DEBUG :org.jboss.resteasy.core.interception.AbstractWriterInterceptorContext [proceed] MessageBodyWriter: org.jboss.resteasy.plugins.providers.StringTextStar 
2021-05-29 09:54:41,148 DEBUG :org.jboss.resteasy.core.SynchronousDispatcher [getInvoker] RESTEASY002315: PathInfo: /manager/madhu@gmail.com/net-month/5/2021/ 
2021-05-29 09:54:41,149 DEBUG :com.backend.service.ManagerService [getAllMonths] Sending Month Statistics to user : madhu@gmail.com Month 5 Year 2021 
2021-05-29 09:54:41,150 DEBUG :org.jboss.resteasy.spi.ResteasyProviderFactory [resolveMessageBodyWriter] MessageBodyWriter: org.jboss.resteasy.spi.ResteasyProviderFactory$SortedKey 
2021-05-29 09:54:41,151 DEBUG :org.jboss.resteasy.spi.ResteasyProviderFactory [getMessageBodyWriter] MessageBodyWriter: org.jboss.resteasy.plugins.providers.StringTextStar 
2021-05-29 09:54:41,151 DEBUG :org.jboss.resteasy.core.ServerResponseWriter [lambda$writeNomapResponse$2] MessageBodyWriter: org.jboss.resteasy.plugins.providers.StringTextStar 
2021-05-29 09:54:41,152 DEBUG :org.jboss.resteasy.core.interception.AbstractWriterInterceptorContext [proceed] Interceptor Context: org.jboss.resteasy.core.interception.ServerWriterInterceptorContext,  Method : proceed 
2021-05-29 09:54:41,152 DEBUG :org.jboss.resteasy.spi.ResteasyProviderFactory [resolveMessageBodyWriter] MessageBodyWriter: org.jboss.resteasy.spi.ResteasyProviderFactory$SortedKey 
2021-05-29 09:54:41,153 DEBUG :org.jboss.resteasy.core.interception.AbstractWriterInterceptorContext [proceed] MessageBodyWriter: org.jboss.resteasy.plugins.providers.StringTextStar 
2021-05-29 09:54:46,827 DEBUG :org.jboss.resteasy.core.SynchronousDispatcher [getInvoker] RESTEASY002315: PathInfo: /manager/madhu@gmail.com/all-transactions 
2021-05-29 09:54:46,828 DEBUG :com.backend.service.ManagerService [getallTransactions] Sending all transactions of user : madhu@gmail.com 
2021-05-29 09:54:46,834 DEBUG :org.jboss.resteasy.spi.ResteasyProviderFactory [resolveMessageBodyWriter] MessageBodyWriter: org.jboss.resteasy.spi.ResteasyProviderFactory$SortedKey 
2021-05-29 09:54:46,834 DEBUG :org.jboss.resteasy.spi.ResteasyProviderFactory [getMessageBodyWriter] MessageBodyWriter: org.jboss.resteasy.plugins.providers.StringTextStar 
2021-05-29 09:54:46,835 DEBUG :org.jboss.resteasy.core.ServerResponseWriter [lambda$writeNomapResponse$2] MessageBodyWriter: org.jboss.resteasy.plugins.providers.StringTextStar 
2021-05-29 09:54:46,835 DEBUG :org.jboss.resteasy.core.interception.AbstractWriterInterceptorContext [proceed] Interceptor Context: org.jboss.resteasy.core.interception.ServerWriterInterceptorContext,  Method : proceed 
2021-05-29 09:54:46,835 DEBUG :org.jboss.resteasy.spi.ResteasyProviderFactory [resolveMessageBodyWriter] MessageBodyWriter: org.jboss.resteasy.spi.ResteasyProviderFactory$SortedKey 
2021-05-29 09:54:46,836 DEBUG :org.jboss.resteasy.core.interception.AbstractWriterInterceptorContext [proceed] MessageBodyWriter: org.jboss.resteasy.plugins.providers.StringTextStar 
2021-05-29 09:54:53,440 DEBUG :org.jboss.resteasy.core.SynchronousDispatcher [getInvoker] RESTEASY002315: PathInfo: /manager/madhu@gmail.com/all-net-month-amount 
2021-05-29 09:54:53,442 DEBUG :com.backend.service.ManagerService [getAllMonths] Sending all Net Month Statistics to User : madhu@gmail.com 
2021-05-29 09:54:53,443 DEBUG :org.jboss.resteasy.spi.ResteasyProviderFactory [resolveMessageBodyWriter] MessageBodyWriter: org.jboss.resteasy.spi.ResteasyProviderFactory$SortedKey 
2021-05-29 09:54:53,444 DEBUG :org.jboss.resteasy.spi.ResteasyProviderFactory [getMessageBodyWriter] MessageBodyWriter: org.jboss.resteasy.plugins.providers.StringTextStar 
2021-05-29 09:54:53,444 DEBUG :org.jboss.resteasy.core.ServerResponseWriter [lambda$writeNomapResponse$2] MessageBodyWriter: org.jboss.resteasy.plugins.providers.StringTextStar 
2021-05-29 09:54:53,444 DEBUG :org.jboss.resteasy.core.interception.AbstractWriterInterceptorContext [proceed] Interceptor Context: org.jboss.resteasy.core.interception.ServerWriterInterceptorContext,  Method : proceed 
2021-05-29 09:54:53,445 DEBUG :org.jboss.resteasy.spi.ResteasyProviderFactory [resolveMessageBodyWriter] MessageBodyWriter: org.jboss.resteasy.spi.ResteasyProviderFactory$SortedKey 
2021-05-29 09:54:53,445 DEBUG :org.jboss.resteasy.core.interception.AbstractWriterInterceptorContext [proceed] MessageBodyWriter: org.jboss.resteasy.plugins.providers.StringTextStar 
2021-05-29 09:55:21,102 DEBUG :org.jboss.resteasy.core.SynchronousDispatcher [getInvoker] RESTEASY002315: PathInfo: /manager/madhu@gmail.com/all-open-recurring-expenses 
2021-05-29 09:55:21,102 DEBUG :com.backend.service.ManagerService [getallOpenRecurringExpenses] Sending all Active Recurring Expense : madhu@gmail.com 
2021-05-29 09:55:21,103 DEBUG :org.jboss.resteasy.spi.ResteasyProviderFactory [resolveMessageBodyWriter] MessageBodyWriter: org.jboss.resteasy.spi.ResteasyProviderFactory$SortedKey 
2021-05-29 09:55:21,104 DEBUG :org.jboss.resteasy.spi.ResteasyProviderFactory [getMessageBodyWriter] MessageBodyWriter: org.jboss.resteasy.plugins.providers.StringTextStar 
2021-05-29 09:55:21,104 DEBUG :org.jboss.resteasy.core.ServerResponseWriter [lambda$writeNomapResponse$2] MessageBodyWriter: org.jboss.resteasy.plugins.providers.StringTextStar 
2021-05-29 09:55:21,104 DEBUG :org.jboss.resteasy.core.interception.AbstractWriterInterceptorContext [proceed] Interceptor Context: org.jboss.resteasy.core.interception.ServerWriterInterceptorContext,  Method : proceed 
2021-05-29 09:55:21,105 DEBUG :org.jboss.resteasy.spi.ResteasyProviderFactory [resolveMessageBodyWriter] MessageBodyWriter: org.jboss.resteasy.spi.ResteasyProviderFactory$SortedKey 
2021-05-29 09:55:21,105 DEBUG :org.jboss.resteasy.core.interception.AbstractWriterInterceptorContext [proceed] MessageBodyWriter: org.jboss.resteasy.plugins.providers.StringTextStar 
2021-05-29 09:55:47,872 DEBUG :org.jboss.resteasy.core.SynchronousDispatcher [getInvoker] RESTEASY002315: PathInfo: /manager/madhu@gmail.com/create-recurring 
2021-05-29 09:55:47,874 DEBUG :com.backend.model.RecurringExpenses [<init>] Created Recurring Expense test React 
2021-05-29 09:55:47,874 DEBUG :com.backend.service.ManagerService [createRecurringExpenses] Recurring Expense Created to user : madhu@gmail.comwith name test React 
2021-05-29 09:55:47,878 DEBUG :org.jboss.resteasy.spi.ResteasyProviderFactory [resolveMessageBodyWriter] MessageBodyWriter: org.jboss.resteasy.spi.ResteasyProviderFactory$SortedKey 
2021-05-29 09:55:47,878 DEBUG :org.jboss.resteasy.spi.ResteasyProviderFactory [getMessageBodyWriter] MessageBodyWriter: org.jboss.resteasy.plugins.providers.StringTextStar 
2021-05-29 09:55:47,879 DEBUG :org.jboss.resteasy.core.ServerResponseWriter [lambda$writeNomapResponse$2] MessageBodyWriter: org.jboss.resteasy.plugins.providers.StringTextStar 
2021-05-29 09:55:47,879 DEBUG :org.jboss.resteasy.core.interception.AbstractWriterInterceptorContext [proceed] Interceptor Context: org.jboss.resteasy.core.interception.ServerWriterInterceptorContext,  Method : proceed 
2021-05-29 09:55:47,879 DEBUG :org.jboss.resteasy.spi.ResteasyProviderFactory [resolveMessageBodyWriter] MessageBodyWriter: org.jboss.resteasy.spi.ResteasyProviderFactory$SortedKey 
2021-05-29 09:55:47,880 DEBUG :org.jboss.resteasy.core.interception.AbstractWriterInterceptorContext [proceed] MessageBodyWriter: org.jboss.resteasy.plugins.providers.StringTextStar 
2021-05-29 09:55:48,766 DEBUG :org.jboss.resteasy.core.SynchronousDispatcher [getInvoker] RESTEASY002315: PathInfo: /manager/madhu@gmail.com/all-open-recurring-expenses 
2021-05-29 09:55:48,767 DEBUG :com.backend.service.ManagerService [getallOpenRecurringExpenses] Sending all Active Recurring Expense : madhu@gmail.com 
2021-05-29 09:55:48,770 DEBUG :org.jboss.resteasy.spi.ResteasyProviderFactory [resolveMessageBodyWriter] MessageBodyWriter: org.jboss.resteasy.spi.ResteasyProviderFactory$SortedKey 
2021-05-29 09:55:48,770 DEBUG :org.jboss.resteasy.spi.ResteasyProviderFactory [getMessageBodyWriter] MessageBodyWriter: org.jboss.resteasy.plugins.providers.StringTextStar 
2021-05-29 09:55:48,770 DEBUG :org.jboss.resteasy.core.ServerResponseWriter [lambda$writeNomapResponse$2] MessageBodyWriter: org.jboss.resteasy.plugins.providers.StringTextStar 
2021-05-29 09:55:48,771 DEBUG :org.jboss.resteasy.core.interception.AbstractWriterInterceptorContext [proceed] Interceptor Context: org.jboss.resteasy.core.interception.ServerWriterInterceptorContext,  Method : proceed 
2021-05-29 09:55:48,771 DEBUG :org.jboss.resteasy.spi.ResteasyProviderFactory [resolveMessageBodyWriter] MessageBodyWriter: org.jboss.resteasy.spi.ResteasyProviderFactory$SortedKey 
2021-05-29 09:55:48,771 DEBUG :org.jboss.resteasy.core.interception.AbstractWriterInterceptorContext [proceed] MessageBodyWriter: org.jboss.resteasy.plugins.providers.StringTextStar 
2021-05-29 09:55:55,540 DEBUG :org.jboss.resteasy.core.SynchronousDispatcher [getInvoker] RESTEASY002315: PathInfo: /manager/madhu@gmail.com/all-open-recurring-expenses 
2021-05-29 09:55:55,541 DEBUG :com.backend.service.ManagerService [getallOpenRecurringExpenses] Sending all Active Recurring Expense : madhu@gmail.com 
2021-05-29 09:55:55,544 DEBUG :org.jboss.resteasy.spi.ResteasyProviderFactory [resolveMessageBodyWriter] MessageBodyWriter: org.jboss.resteasy.spi.ResteasyProviderFactory$SortedKey 
2021-05-29 09:55:55,544 DEBUG :org.jboss.resteasy.spi.ResteasyProviderFactory [getMessageBodyWriter] MessageBodyWriter: org.jboss.resteasy.plugins.providers.StringTextStar 
2021-05-29 09:55:55,545 DEBUG :org.jboss.resteasy.core.ServerResponseWriter [lambda$writeNomapResponse$2] MessageBodyWriter: org.jboss.resteasy.plugins.providers.StringTextStar 
2021-05-29 09:55:55,545 DEBUG :org.jboss.resteasy.core.interception.AbstractWriterInterceptorContext [proceed] Interceptor Context: org.jboss.resteasy.core.interception.ServerWriterInterceptorContext,  Method : proceed 
2021-05-29 09:55:55,545 DEBUG :org.jboss.resteasy.spi.ResteasyProviderFactory [resolveMessageBodyWriter] MessageBodyWriter: org.jboss.resteasy.spi.ResteasyProviderFactory$SortedKey 
2021-05-29 09:55:55,545 DEBUG :org.jboss.resteasy.core.interception.AbstractWriterInterceptorContext [proceed] MessageBodyWriter: org.jboss.resteasy.plugins.providers.StringTextStar 
2021-05-29 09:56:09,040 DEBUG :org.jboss.resteasy.core.SynchronousDispatcher [getInvoker] RESTEASY002315: PathInfo: /manager/madhu@gmail.com/create-rec-transaction 
2021-05-29 09:56:09,041 DEBUG :com.backend.service.ManagerService [createTransactionForRecExp] Transaction created under Recurrence Expression test React to User : madhu@gmail.com 
2021-05-29 09:56:09,042 DEBUG :org.jboss.resteasy.core.SynchronousDispatcher [getInvoker] RESTEASY002315: PathInfo: /manager/madhu@gmail.com/create-transaction 
2021-05-29 09:56:09,043 DEBUG :com.backend.service.ManagerService [createTransaction] Transaction Created to User : madhu@gmail.com 
2021-05-29 09:56:09,045 DEBUG :org.jboss.resteasy.spi.ResteasyProviderFactory [resolveMessageBodyWriter] MessageBodyWriter: org.jboss.resteasy.spi.ResteasyProviderFactory$SortedKey 
2021-05-29 09:56:09,046 DEBUG :org.jboss.resteasy.spi.ResteasyProviderFactory [getMessageBodyWriter] MessageBodyWriter: org.jboss.resteasy.plugins.providers.StringTextStar 
2021-05-29 09:56:09,046 DEBUG :org.jboss.resteasy.core.ServerResponseWriter [lambda$writeNomapResponse$2] MessageBodyWriter: org.jboss.resteasy.plugins.providers.StringTextStar 
2021-05-29 09:56:09,047 DEBUG :org.jboss.resteasy.core.interception.AbstractWriterInterceptorContext [proceed] Interceptor Context: org.jboss.resteasy.core.interception.ServerWriterInterceptorContext,  Method : proceed 
2021-05-29 09:56:09,047 DEBUG :org.jboss.resteasy.spi.ResteasyProviderFactory [resolveMessageBodyWriter] MessageBodyWriter: org.jboss.resteasy.spi.ResteasyProviderFactory$SortedKey 
2021-05-29 09:56:09,048 DEBUG :org.jboss.resteasy.spi.ResteasyProviderFactory [resolveMessageBodyWriter] MessageBodyWriter: org.jboss.resteasy.spi.ResteasyProviderFactory$SortedKey 
2021-05-29 09:56:09,048 DEBUG :org.jboss.resteasy.core.interception.AbstractWriterInterceptorContext [proceed] MessageBodyWriter: org.jboss.resteasy.plugins.providers.StringTextStar 
2021-05-29 09:56:09,048 DEBUG :org.jboss.resteasy.spi.ResteasyProviderFactory [getMessageBodyWriter] MessageBodyWriter: org.jboss.resteasy.plugins.providers.StringTextStar 
2021-05-29 09:56:09,049 DEBUG :org.jboss.resteasy.core.ServerResponseWriter [lambda$writeNomapResponse$2] MessageBodyWriter: org.jboss.resteasy.plugins.providers.StringTextStar 
2021-05-29 09:56:09,049 DEBUG :org.jboss.resteasy.core.interception.AbstractWriterInterceptorContext [proceed] Interceptor Context: org.jboss.resteasy.core.interception.ServerWriterInterceptorContext,  Method : proceed 
2021-05-29 09:56:09,050 DEBUG :org.jboss.resteasy.spi.ResteasyProviderFactory [resolveMessageBodyWriter] MessageBodyWriter: org.jboss.resteasy.spi.ResteasyProviderFactory$SortedKey 
2021-05-29 09:56:09,050 DEBUG :org.jboss.resteasy.core.interception.AbstractWriterInterceptorContext [proceed] MessageBodyWriter: org.jboss.resteasy.plugins.providers.StringTextStar 
2021-05-29 09:56:11,256 DEBUG :org.jboss.resteasy.core.SynchronousDispatcher [getInvoker] RESTEASY002315: PathInfo: /manager/madhu@gmail.com/all-open-recurring-expenses 
2021-05-29 09:56:11,256 DEBUG :com.backend.service.ManagerService [getallOpenRecurringExpenses] Sending all Active Recurring Expense : madhu@gmail.com 
2021-05-29 09:56:11,262 DEBUG :org.jboss.resteasy.spi.ResteasyProviderFactory [resolveMessageBodyWriter] MessageBodyWriter: org.jboss.resteasy.spi.ResteasyProviderFactory$SortedKey 
2021-05-29 09:56:11,262 DEBUG :org.jboss.resteasy.spi.ResteasyProviderFactory [getMessageBodyWriter] MessageBodyWriter: org.jboss.resteasy.plugins.providers.StringTextStar 
2021-05-29 09:56:11,262 DEBUG :org.jboss.resteasy.core.ServerResponseWriter [lambda$writeNomapResponse$2] MessageBodyWriter: org.jboss.resteasy.plugins.providers.StringTextStar 
2021-05-29 09:56:11,263 DEBUG :org.jboss.resteasy.core.interception.AbstractWriterInterceptorContext [proceed] Interceptor Context: org.jboss.resteasy.core.interception.ServerWriterInterceptorContext,  Method : proceed 
2021-05-29 09:56:11,263 DEBUG :org.jboss.resteasy.spi.ResteasyProviderFactory [resolveMessageBodyWriter] MessageBodyWriter: org.jboss.resteasy.spi.ResteasyProviderFactory$SortedKey 
2021-05-29 09:56:11,263 DEBUG :org.jboss.resteasy.core.interception.AbstractWriterInterceptorContext [proceed] MessageBodyWriter: org.jboss.resteasy.plugins.providers.StringTextStar 
2021-05-29 09:56:32,211 DEBUG :org.jboss.resteasy.core.SynchronousDispatcher [getInvoker] RESTEASY002315: PathInfo: /manager/madhu@gmail.com/net-month/5/2021 
2021-05-29 09:56:32,212 DEBUG :com.backend.service.ManagerService [getAllMonths] Sending Month Statistics to user : madhu@gmail.com Month 5 Year 2021 
2021-05-29 09:56:32,214 DEBUG :org.jboss.resteasy.spi.ResteasyProviderFactory [resolveMessageBodyWriter] MessageBodyWriter: org.jboss.resteasy.spi.ResteasyProviderFactory$SortedKey 
2021-05-29 09:56:32,214 DEBUG :org.jboss.resteasy.spi.ResteasyProviderFactory [getMessageBodyWriter] MessageBodyWriter: org.jboss.resteasy.plugins.providers.StringTextStar 
2021-05-29 09:56:32,215 DEBUG :org.jboss.resteasy.core.ServerResponseWriter [lambda$writeNomapResponse$2] MessageBodyWriter: org.jboss.resteasy.plugins.providers.StringTextStar 
2021-05-29 09:56:32,215 DEBUG :org.jboss.resteasy.core.interception.AbstractWriterInterceptorContext [proceed] Interceptor Context: org.jboss.resteasy.core.interception.ServerWriterInterceptorContext,  Method : proceed 
2021-05-29 09:56:32,215 DEBUG :org.jboss.resteasy.spi.ResteasyProviderFactory [resolveMessageBodyWriter] MessageBodyWriter: org.jboss.resteasy.spi.ResteasyProviderFactory$SortedKey 
2021-05-29 09:56:32,216 DEBUG :org.jboss.resteasy.core.interception.AbstractWriterInterceptorContext [proceed] MessageBodyWriter: org.jboss.resteasy.plugins.providers.StringTextStar 
2021-05-29 09:56:36,600 DEBUG :org.jboss.resteasy.core.SynchronousDispatcher [getInvoker] RESTEASY002315: PathInfo: /manager/madhu@gmail.com/all-transactions 
2021-05-29 09:56:36,601 DEBUG :com.backend.service.ManagerService [getallTransactions] Sending all transactions of user : madhu@gmail.com 
2021-05-29 09:56:36,604 DEBUG :org.jboss.resteasy.spi.ResteasyProviderFactory [resolveMessageBodyWriter] MessageBodyWriter: org.jboss.resteasy.spi.ResteasyProviderFactory$SortedKey 
2021-05-29 09:56:36,605 DEBUG :org.jboss.resteasy.spi.ResteasyProviderFactory [getMessageBodyWriter] MessageBodyWriter: org.jboss.resteasy.plugins.providers.StringTextStar 
2021-05-29 09:56:36,605 DEBUG :org.jboss.resteasy.core.ServerResponseWriter [lambda$writeNomapResponse$2] MessageBodyWriter: org.jboss.resteasy.plugins.providers.StringTextStar 
2021-05-29 09:56:36,605 DEBUG :org.jboss.resteasy.core.interception.AbstractWriterInterceptorContext [proceed] Interceptor Context: org.jboss.resteasy.core.interception.ServerWriterInterceptorContext,  Method : proceed 
2021-05-29 09:56:36,606 DEBUG :org.jboss.resteasy.spi.ResteasyProviderFactory [resolveMessageBodyWriter] MessageBodyWriter: org.jboss.resteasy.spi.ResteasyProviderFactory$SortedKey 
2021-05-29 09:56:36,606 DEBUG :org.jboss.resteasy.core.interception.AbstractWriterInterceptorContext [proceed] MessageBodyWriter: org.jboss.resteasy.plugins.providers.StringTextStar 
2021-05-29 09:57:06,633 DEBUG :org.jboss.resteasy.core.SynchronousDispatcher [getInvoker] RESTEASY002315: PathInfo: /manager/madhu@gmail.com/all-open-recurring-expenses 
2021-05-29 09:57:06,633 DEBUG :com.backend.service.ManagerService [getallOpenRecurringExpenses] Sending all Active Recurring Expense : madhu@gmail.com 
2021-05-29 09:57:06,639 DEBUG :org.jboss.resteasy.spi.ResteasyProviderFactory [resolveMessageBodyWriter] MessageBodyWriter: org.jboss.resteasy.spi.ResteasyProviderFactory$SortedKey 
2021-05-29 09:57:06,639 DEBUG :org.jboss.resteasy.spi.ResteasyProviderFactory [getMessageBodyWriter] MessageBodyWriter: org.jboss.resteasy.plugins.providers.StringTextStar 
2021-05-29 09:57:06,640 DEBUG :org.jboss.resteasy.core.ServerResponseWriter [lambda$writeNomapResponse$2] MessageBodyWriter: org.jboss.resteasy.plugins.providers.StringTextStar 
2021-05-29 09:57:06,640 DEBUG :org.jboss.resteasy.core.interception.AbstractWriterInterceptorContext [proceed] Interceptor Context: org.jboss.resteasy.core.interception.ServerWriterInterceptorContext,  Method : proceed 
2021-05-29 09:57:06,640 DEBUG :org.jboss.resteasy.spi.ResteasyProviderFactory [resolveMessageBodyWriter] MessageBodyWriter: org.jboss.resteasy.spi.ResteasyProviderFactory$SortedKey 
2021-05-29 09:57:06,641 DEBUG :org.jboss.resteasy.core.interception.AbstractWriterInterceptorContext [proceed] MessageBodyWriter: org.jboss.resteasy.plugins.providers.StringTextStar 
2021-05-29 09:57:16,988 DEBUG :org.jboss.resteasy.core.SynchronousDispatcher [getInvoker] RESTEASY002315: PathInfo: /manager/madhu@gmail.com/close-recurring-name/test React/ 
2021-05-29 09:57:16,989 DEBUG :com.backend.service.ManagerService [closeRecurringExpense] Closing Recurring Expense test React of User madhu@gmail.com 
2021-05-29 09:57:16,999 DEBUG :org.jboss.resteasy.spi.ResteasyProviderFactory [resolveMessageBodyWriter] MessageBodyWriter: org.jboss.resteasy.spi.ResteasyProviderFactory$SortedKey 
2021-05-29 09:57:17,000 DEBUG :org.jboss.resteasy.spi.ResteasyProviderFactory [getMessageBodyWriter] MessageBodyWriter: org.jboss.resteasy.plugins.providers.jackson.ResteasyJacksonProvider 
2021-05-29 09:57:17,000 DEBUG :org.jboss.resteasy.core.ServerResponseWriter [lambda$writeNomapResponse$2] MessageBodyWriter: org.jboss.resteasy.plugins.providers.jackson.ResteasyJacksonProvider 
2021-05-29 09:57:17,001 DEBUG :org.jboss.resteasy.core.interception.AbstractWriterInterceptorContext [proceed] Interceptor Context: org.jboss.resteasy.core.interception.ServerWriterInterceptorContext,  Method : proceed 
2021-05-29 09:57:17,001 DEBUG :org.jboss.resteasy.spi.ResteasyProviderFactory [resolveMessageBodyWriter] MessageBodyWriter: org.jboss.resteasy.spi.ResteasyProviderFactory$SortedKey 
2021-05-29 09:57:17,001 DEBUG :org.jboss.resteasy.core.interception.AbstractWriterInterceptorContext [proceed] MessageBodyWriter: org.jboss.resteasy.plugins.providers.jackson.ResteasyJacksonProvider 
2021-05-29 09:57:18,105 DEBUG :org.jboss.resteasy.core.SynchronousDispatcher [getInvoker] RESTEASY002315: PathInfo: /manager/madhu@gmail.com/all-open-recurring-expenses 
2021-05-29 09:57:18,106 DEBUG :com.backend.service.ManagerService [getallOpenRecurringExpenses] Sending all Active Recurring Expense : madhu@gmail.com 
2021-05-29 09:57:18,107 DEBUG :org.jboss.resteasy.spi.ResteasyProviderFactory [resolveMessageBodyWriter] MessageBodyWriter: org.jboss.resteasy.spi.ResteasyProviderFactory$SortedKey 
2021-05-29 09:57:18,107 DEBUG :org.jboss.resteasy.spi.ResteasyProviderFactory [getMessageBodyWriter] MessageBodyWriter: org.jboss.resteasy.plugins.providers.StringTextStar 
2021-05-29 09:57:18,107 DEBUG :org.jboss.resteasy.core.ServerResponseWriter [lambda$writeNomapResponse$2] MessageBodyWriter: org.jboss.resteasy.plugins.providers.StringTextStar 
2021-05-29 09:57:18,108 DEBUG :org.jboss.resteasy.core.interception.AbstractWriterInterceptorContext [proceed] Interceptor Context: org.jboss.resteasy.core.interception.ServerWriterInterceptorContext,  Method : proceed 
2021-05-29 09:57:18,108 DEBUG :org.jboss.resteasy.spi.ResteasyProviderFactory [resolveMessageBodyWriter] MessageBodyWriter: org.jboss.resteasy.spi.ResteasyProviderFactory$SortedKey 
2021-05-29 09:57:18,108 DEBUG :org.jboss.resteasy.core.interception.AbstractWriterInterceptorContext [proceed] MessageBodyWriter: org.jboss.resteasy.plugins.providers.StringTextStar 
2021-05-29 09:57:22,710 DEBUG :org.jboss.resteasy.core.SynchronousDispatcher [getInvoker] RESTEASY002315: PathInfo: /manager/madhu@gmail.com/all-closed-recurring-expenses 
2021-05-29 09:57:22,711 DEBUG :com.backend.service.ManagerService [getallClosedRecurringExpenses] Sending Closed Recurring Expenses : madhu@gmail.com 
2021-05-29 09:57:22,716 DEBUG :org.jboss.resteasy.spi.ResteasyProviderFactory [resolveMessageBodyWriter] MessageBodyWriter: org.jboss.resteasy.spi.ResteasyProviderFactory$SortedKey 
2021-05-29 09:57:22,716 DEBUG :org.jboss.resteasy.spi.ResteasyProviderFactory [getMessageBodyWriter] MessageBodyWriter: org.jboss.resteasy.plugins.providers.StringTextStar 
2021-05-29 09:57:22,717 DEBUG :org.jboss.resteasy.core.ServerResponseWriter [lambda$writeNomapResponse$2] MessageBodyWriter: org.jboss.resteasy.plugins.providers.StringTextStar 
2021-05-29 09:57:22,717 DEBUG :org.jboss.resteasy.core.interception.AbstractWriterInterceptorContext [proceed] Interceptor Context: org.jboss.resteasy.core.interception.ServerWriterInterceptorContext,  Method : proceed 
2021-05-29 09:57:22,717 DEBUG :org.jboss.resteasy.spi.ResteasyProviderFactory [resolveMessageBodyWriter] MessageBodyWriter: org.jboss.resteasy.spi.ResteasyProviderFactory$SortedKey 
2021-05-29 09:57:22,718 DEBUG :org.jboss.resteasy.core.interception.AbstractWriterInterceptorContext [proceed] MessageBodyWriter: org.jboss.resteasy.plugins.providers.StringTextStar 
2021-05-29 09:57:38,637 DEBUG :com.backend.controllers.MessagePageController [service] madhu@gmail.com 
2021-05-29 09:57:39,108 DEBUG :com.backend.service.ChatServerEndPoint [onOpen] Opening new Session/Connection 
2021-05-29 09:57:39,108 DEBUG :com.backend.service.ChatServerEndPoint [onOpen] User Logged in 
2021-05-29 09:57:39,109 DEBUG :com.backend.model.MessageThread [<init>] Message Thread Object Created for User : madhu@gmail.com 
2021-05-29 09:57:51,974 DEBUG :com.backend.service.ChatServerEndPoint [onMessage] madhu@gmail.com  ;;  I have problem 
2021-05-29 09:57:51,975 DEBUG :com.backend.service.ChatServerEndPoint [onMessage] Message Received at serrver 
2021-05-29 09:58:02,673 DEBUG :org.jboss.resteasy.core.SynchronousDispatcher [getInvoker] RESTEASY002315: PathInfo: /loginService/login/ 
2021-05-29 09:58:02,680 DEBUG :org.jboss.resteasy.core.SynchronousDispatcher [getInvoker] RESTEASY002315: PathInfo: /manager/madhu@gmail.com 
2021-05-29 09:58:02,681 DEBUG :com.backend.service.ManagerService [getUser] sending user object : madhu@gmail.com 
2021-05-29 09:58:02,691 DEBUG :org.jboss.resteasy.spi.ResteasyProviderFactory [resolveMessageBodyWriter] MessageBodyWriter: org.jboss.resteasy.spi.ResteasyProviderFactory$SortedKey 
2021-05-29 09:58:02,692 DEBUG :org.jboss.resteasy.spi.ResteasyProviderFactory [getMessageBodyWriter] MessageBodyWriter: org.jboss.resteasy.plugins.providers.StringTextStar 
2021-05-29 09:58:02,692 DEBUG :org.jboss.resteasy.core.ServerResponseWriter [lambda$writeNomapResponse$2] MessageBodyWriter: org.jboss.resteasy.plugins.providers.StringTextStar 
2021-05-29 09:58:02,692 DEBUG :org.jboss.resteasy.core.interception.AbstractWriterInterceptorContext [proceed] Interceptor Context: org.jboss.resteasy.core.interception.ServerWriterInterceptorContext,  Method : proceed 
2021-05-29 09:58:02,693 DEBUG :org.jboss.resteasy.spi.ResteasyProviderFactory [resolveMessageBodyWriter] MessageBodyWriter: org.jboss.resteasy.spi.ResteasyProviderFactory$SortedKey 
2021-05-29 09:58:02,693 DEBUG :org.jboss.resteasy.core.interception.AbstractWriterInterceptorContext [proceed] MessageBodyWriter: org.jboss.resteasy.plugins.providers.StringTextStar 
2021-05-29 09:58:08,591 DEBUG :org.jboss.resteasy.core.SynchronousDispatcher [getInvoker] RESTEASY002315: PathInfo: /loginService/login/ 
2021-05-29 09:58:08,597 DEBUG :org.jboss.resteasy.core.SynchronousDispatcher [getInvoker] RESTEASY002315: PathInfo: /manager/ADMIN_USER 
2021-05-29 09:58:08,598 DEBUG :com.backend.service.ManagerService [getUser] sending user object : ADMIN_USER 
2021-05-29 09:58:08,610 DEBUG :org.jboss.resteasy.spi.ResteasyProviderFactory [resolveMessageBodyWriter] MessageBodyWriter: org.jboss.resteasy.spi.ResteasyProviderFactory$SortedKey 
2021-05-29 09:58:08,611 DEBUG :org.jboss.resteasy.spi.ResteasyProviderFactory [getMessageBodyWriter] MessageBodyWriter: org.jboss.resteasy.plugins.providers.StringTextStar 
2021-05-29 09:58:08,611 DEBUG :org.jboss.resteasy.core.ServerResponseWriter [lambda$writeNomapResponse$2] MessageBodyWriter: org.jboss.resteasy.plugins.providers.StringTextStar 
2021-05-29 09:58:08,611 DEBUG :org.jboss.resteasy.core.interception.AbstractWriterInterceptorContext [proceed] Interceptor Context: org.jboss.resteasy.core.interception.ServerWriterInterceptorContext,  Method : proceed 
2021-05-29 09:58:08,612 DEBUG :org.jboss.resteasy.spi.ResteasyProviderFactory [resolveMessageBodyWriter] MessageBodyWriter: org.jboss.resteasy.spi.ResteasyProviderFactory$SortedKey 
2021-05-29 09:58:08,612 DEBUG :org.jboss.resteasy.core.interception.AbstractWriterInterceptorContext [proceed] MessageBodyWriter: org.jboss.resteasy.plugins.providers.StringTextStar 
2021-05-29 09:58:09,978 DEBUG :com.backend.controllers.MessagePageController [service] ADMIN_USER 
2021-05-29 09:58:10,097 DEBUG :com.backend.service.ChatServerEndPoint [onOpen] Opening new Session/Connection 
2021-05-29 09:58:10,098 DEBUG :com.backend.service.ChatServerEndPoint [onOpen] ADMIN logged in 
2021-05-29 09:58:10,114 DEBUG :com.backend.service.ChatServerEndPoint [onOpen] Admin Logged in   at    org.apache.tomcat.websocket.WsSession@5035a4f4 
2021-05-29 09:58:29,337 DEBUG :com.backend.service.ChatServerEndPoint [onMessage] madhu@gmail.com  ;;  dfgdfg 
2021-05-29 09:58:29,337 DEBUG :com.backend.service.ChatServerEndPoint [onMessage] Message Received at serrver 
2021-05-29 10:01:59,013 DEBUG :com.backend.service.ChatServerEndPoint [onClose] ADMIN_USERabout to close 
2021-05-29 10:01:59,014 DEBUG :com.backend.service.ChatServerEndPoint [onClose] Session removed ADMIN_USER 
2021-05-29 10:01:59,014 DEBUG :com.backend.service.ChatServerEndPoint [onClose] Session closed 
2021-05-29 10:02:02,250 DEBUG :com.backend.service.ChatServerEndPoint [onClose] madhu@gmail.comabout to close 
2021-05-29 10:02:02,251 DEBUG :com.backend.service.ChatServerEndPoint [onClose] Session removed madhu@gmail.com 
2021-05-29 10:02:02,251 DEBUG :com.backend.service.ChatServerEndPoint [onClose] Session closed 
